0 info it worked if it ends with ok
1 verbose cli [ '/opt/local/bin/node',
1 verbose cli   '/opt/local/bin/npm',
1 verbose cli   'start',
1 verbose cli   '--config-setuid',
1 verbose cli   '504' ]
2 info using npm@1.2.15
3 info using node@v0.10.6
4 verbose read json /Users/femto/projects/node-downgrade-identity/node_modules/504/package.json
5 error Error: ENOENT, open '/Users/femto/projects/node-downgrade-identity/node_modules/504/package.json'
6 error If you need help, you may report this log at:
6 error     <http://github.com/isaacs/npm/issues>
6 error or email it to:
6 error     <npm-@googlegroups.com>
7 error System Darwin 12.4.0
8 error command "/opt/local/bin/node" "/opt/local/bin/npm" "start" "--config-setuid" "504"
9 error cwd /Users/femto/projects/node-downgrade-identity
10 error node -v v0.10.6
11 error npm -v 1.2.15
12 error path /Users/femto/projects/node-downgrade-identity/node_modules/504/package.json
13 error code ENOENT
14 error errno 34
15 verbose exit [ 34, true ]
